<?xml version="1.0" encoding="UTF-8"?>
<!-- Generated by org.testng.reporters.JUnitXMLReporter -->
<testsuite ignored="0" hostname="DESKTOP-PTHTCDU" failures="0" tests="12" name="Surefire test" time="29.563" errors="0" timestamp="2024-01-06T09:58:56 IST">
  <testcase classname="api.test.DDTest" name="testPostuser" time="5.078"/>
  <testcase classname="api.test.DDTest" name="testPostuser" time="1.641"/>
  <testcase classname="api.test.DDTest" name="testPostuser" time="2.074"/>
  <testcase classname="api.test.DDTest" name="testPostuser" time="1.677"/>
  <testcase classname="api.test.DDTest" name="testDeleteUserByName" time="1.567"/>
  <testcase classname="api.test.DDTest" name="testDeleteUserByName" time="1.599"/>
  <testcase classname="api.test.DDTest" name="testDeleteUserByName" time="1.595"/>
  <testcase classname="api.test.DDTest" name="testDeleteUserByName" time="1.527"/>
  <testcase classname="api.test.UserTest" name="testPostUser" time="1.647"/>
  <testcase classname="api.test.UserTest" name="testGetUser" time="2.324"/>
  <testcase classname="api.test.UserTest" name="testUpdateUser" time="3.2"/>
  <testcase classname="api.test.UserTest" name="testDeleteUser" time="1.585"/>
</testsuite> <!-- Surefire test -->
