<?xml version="1.0" encoding="UTF-8"?>
<!-- Generated by org.testng.reporters.JUnitXMLReporter -->
<testsuite ignored="0" hostname="DESKTOP-PTHTCDU" failures="0" tests="12" name="Surefire test" time="31.134" errors="0" timestamp="2024-01-06T11:05:16 IST">
  <testcase classname="api.test.DDTest" name="testPostuser" time="4.877"/>
  <testcase classname="api.test.DDTest" name="testPostuser" time="3.852"/>
  <testcase classname="api.test.DDTest" name="testPostuser" time="1.587"/>
  <testcase classname="api.test.DDTest" name="testPostuser" time="1.688"/>
  <testcase classname="api.test.DDTest" name="testDeleteUserByName" time="1.632"/>
  <testcase classname="api.test.DDTest" name="testDeleteUserByName" time="1.623"/>
  <testcase classname="api.test.DDTest" name="testDeleteUserByName" time="1.52"/>
  <testcase classname="api.test.DDTest" name="testDeleteUserByName" time="1.594"/>
  <testcase classname="api.test.UserTest" name="testPostUser" time="1.77"/>
  <testcase classname="api.test.UserTest" name="testGetUser" time="1.83"/>
  <testcase classname="api.test.UserTest" name="testUpdateUser" time="3.275"/>
  <testcase classname="api.test.UserTest" name="testDeleteUser" time="1.675"/>
</testsuite> <!-- Surefire test -->
