<?xml version="1.0" encoding="UTF-8"?>
<!-- Generated by org.testng.reporters.JUnitXMLReporter -->
<testsuite ignored="0" hostname="DESKTOP-PTHTCDU" failures="0" tests="8" name="Default test" time="20.312" errors="0" timestamp="2023-12-29T08:40:02 IST">
  <testcase classname="api.test.DDTest" name="testPostuser" time="5.101"/>
  <testcase classname="api.test.DDTest" name="testPostuser" time="1.626"/>
  <testcase classname="api.test.DDTest" name="testPostuser" time="1.826"/>
  <testcase classname="api.test.DDTest" name="testPostuser" time="1.597"/>
  <testcase classname="api.test.DDTest" name="testDeleteUserByName" time="1.67"/>
  <testcase classname="api.test.DDTest" name="testDeleteUserByName" time="1.836"/>
  <testcase classname="api.test.DDTest" name="testDeleteUserByName" time="1.593"/>
  <testcase classname="api.test.DDTest" name="testDeleteUserByName" time="1.681"/>
</testsuite> <!-- Default test -->
