<?xml version="1.0" encoding="UTF-8"?>
<!-- Generated by org.testng.reporters.JUnitXMLReporter -->
<testsuite ignored="0" hostname="DESKTOP-PTHTCDU" failures="0" tests="4" name="Default test" time="17.021" errors="0" timestamp="2024-01-06T09:44:50 IST">
  <testcase classname="api.test.UserTest2" name="testPostUser" time="8.047"/>
  <testcase classname="api.test.UserTest2" name="testGetUser" time="1.623"/>
  <testcase classname="api.test.UserTest2" name="testUpdateUser" time="3.33"/>
  <testcase classname="api.test.UserTest2" name="testDeleteUser" time="1.604"/>
</testsuite> <!-- Default test -->
