<?xml version="1.0" encoding="UTF-8"?>
<!-- Generated by org.testng.reporters.JUnitXMLReporter -->
<testsuite ignored="0" hostname="DESKTOP-PTHTCDU" failures="0" tests="4" name="Test" time="13.229" errors="0" timestamp="2024-01-06T09:51:01 IST">
  <testcase classname="api.test.UserTest" name="testPostUser" time="4.695"/>
  <testcase classname="api.test.UserTest" name="testGetUser" time="1.692"/>
  <testcase classname="api.test.UserTest" name="testUpdateUser" time="3.261"/>
  <testcase classname="api.test.UserTest" name="testDeleteUser" time="1.671"/>
</testsuite> <!-- Test -->
