<?xml version="1.0" encoding="UTF-8"?>
<!-- Generated by org.testng.reporters.JUnitXMLReporter -->
<testsuite ignored="0" hostname="DESKTOP-PTHTCDU" failures="0" tests="4" name="Test" time="13.258" errors="0" timestamp="2023-12-29T09:36:54 IST">
  <testcase classname="api.test.UserTest" name="testPostUser" time="4.839"/>
  <testcase classname="api.test.UserTest" name="testGetUser" time="1.841"/>
  <testcase classname="api.test.UserTest" name="testUpdateUser" time="3.176"/>
  <testcase classname="api.test.UserTest" name="testDeleteUser" time="1.58"/>
</testsuite> <!-- Test -->
