<?xml version="1.0" encoding="UTF-8"?>
<testng-results ignored="0" total="4" passed="4" failed="0" skipped="0">
  <reporter-output>
  </reporter-output>
  <suite started-at="2023-12-29T09:36:40 IST" name="Suite" finished-at="2023-12-29T09:36:53 IST" duration-ms="13258">
    <groups>
    </groups>
    <test started-at="2023-12-29T09:36:40 IST" name="Test" finished-at="2023-12-29T09:36:53 IST" duration-ms="13258">
      <class name="api.test.UserTest">
        <test-method is-config="true" signature="setup()[pri:0, instance:api.test.UserTest@45099dd3]" started-at="2023-12-29T09:36:41 IST" name="setup" finished-at="2023-12-29T09:36:42 IST" duration-ms="1124" status="PASS">
          <reporter-output>
          </reporter-output>
        </test-method> <!-- setup -->
        <test-method signature="testPostUser()[pri:1, instance:api.test.UserTest@45099dd3]" started-at="2023-12-29T09:36:42 IST" name="testPostUser" finished-at="2023-12-29T09:36:47 IST" duration-ms="4839" status="PASS">
          <reporter-output>
          </reporter-output>
        </test-method> <!-- testPostUser -->
        <test-method signature="testGetUser()[pri:2, instance:api.test.UserTest@45099dd3]" started-at="2023-12-29T09:36:47 IST" name="testGetUser" finished-at="2023-12-29T09:36:48 IST" duration-ms="1841" status="PASS">
          <reporter-output>
          </reporter-output>
        </test-method> <!-- testGetUser -->
        <test-method signature="testUpdateUser()[pri:3, instance:api.test.UserTest@45099dd3]" started-at="2023-12-29T09:36:48 IST" name="testUpdateUser" finished-at="2023-12-29T09:36:52 IST" duration-ms="3176" status="PASS">
          <reporter-output>
          </reporter-output>
        </test-method> <!-- testUpdateUser -->
        <test-method signature="testDeleteUser()[pri:4, instance:api.test.UserTest@45099dd3]" started-at="2023-12-29T09:36:52 IST" name="testDeleteUser" finished-at="2023-12-29T09:36:53 IST" duration-ms="1580" status="PASS">
          <reporter-output>
          </reporter-output>
        </test-method> <!-- testDeleteUser -->
      </class> <!-- api.test.UserTest -->
    </test> <!-- Test -->
  </suite> <!-- Suite -->
</testng-results>
