<?xml version="1.0" encoding="UTF-8"?>
<testng-results ignored="0" total="4" passed="4" failed="0" skipped="0">
  <reporter-output>
  </reporter-output>
  <suite started-at="2024-01-06T09:50:47 IST" name="Suite" finished-at="2024-01-06T09:51:01 IST" duration-ms="13229">
    <groups>
    </groups>
    <test started-at="2024-01-06T09:50:47 IST" name="Test" finished-at="2024-01-06T09:51:01 IST" duration-ms="13229">
      <class name="api.test.UserTest">
        <test-method is-config="true" signature="setup()[pri:0, instance:api.test.UserTest@45099dd3]" started-at="2024-01-06T09:50:48 IST" name="setup" finished-at="2024-01-06T09:50:49 IST" duration-ms="1145" status="PASS">
          <reporter-output>
          </reporter-output>
        </test-method> <!-- setup -->
        <test-method signature="testPostUser()[pri:1, instance:api.test.UserTest@45099dd3]" started-at="2024-01-06T09:50:49 IST" name="testPostUser" finished-at="2024-01-06T09:50:54 IST" duration-ms="4695" status="PASS">
          <reporter-output>
          </reporter-output>
        </test-method> <!-- testPostUser -->
        <test-method signature="testGetUser()[pri:2, instance:api.test.UserTest@45099dd3]" started-at="2024-01-06T09:50:54 IST" name="testGetUser" finished-at="2024-01-06T09:50:56 IST" duration-ms="1692" status="PASS">
          <reporter-output>
          </reporter-output>
        </test-method> <!-- testGetUser -->
        <test-method signature="testUpdateUser()[pri:3, instance:api.test.UserTest@45099dd3]" started-at="2024-01-06T09:50:56 IST" name="testUpdateUser" finished-at="2024-01-06T09:50:59 IST" duration-ms="3261" status="PASS">
          <reporter-output>
          </reporter-output>
        </test-method> <!-- testUpdateUser -->
        <test-method signature="testDeleteUser()[pri:4, instance:api.test.UserTest@45099dd3]" started-at="2024-01-06T09:50:59 IST" name="testDeleteUser" finished-at="2024-01-06T09:51:01 IST" duration-ms="1671" status="PASS">
          <reporter-output>
          </reporter-output>
        </test-method> <!-- testDeleteUser -->
      </class> <!-- api.test.UserTest -->
    </test> <!-- Test -->
  </suite> <!-- Suite -->
</testng-results>
